<?xml version="1.0" encoding="UTF-8"?>
<!-- Generated by org.testng.reporters.JUnitReportReporter -->
<testsuite hostname="Ashishs-MacBook-Air.local" failures="0" tests="3" name="Practice.TestNG.CreateContact_DataProviderTest2$CreateContact_DataProviderTest" time="0.028" errors="0" timestamp="2025-02-17T13:07:10 IST" skipped="0">
  <testcase classname="Practice.TestNG.CreateContact_DataProviderTest2$CreateContact_DataProviderTest" name="createContactTest" time="0.009"/>
  <system-out/>
  <testcase classname="Practice.TestNG.CreateContact_DataProviderTest2$CreateContact_DataProviderTest" name="createContactTest" time="0.014"/>
  <system-out/>
  <testcase classname="Practice.TestNG.CreateContact_DataProviderTest2$CreateContact_DataProviderTest" name="createContactTest" time="0.005"/>
  <system-out/>
</testsuite> <!-- Practice.TestNG.CreateContact_DataProviderTest2$CreateContact_DataProviderTest -->
