<?xml version="1.0" encoding="UTF-8"?>
<!-- Generated by org.testng.reporters.JUnitReportReporter -->
<testsuite hostname="Ashishs-MacBook-Air.local" failures="0" tests="2" name="com.comcast.crm.Orgtest1.CreateOrgTest" time="14.962" errors="0" timestamp="2025-02-25T17:28:22 IST" skipped="0">
  <testcase classname="com.comcast.crm.Orgtest1.CreateOrgTest" name="createOrgTest" time="8.514"/>
  <system-out/>
  <testcase classname="com.comcast.crm.Orgtest1.CreateOrgTest" name="createOrgwithPhone" time="6.448"/>
  <system-out/>
</testsuite> <!-- com.comcast.crm.Orgtest1.CreateOrgTest -->
