<?xml version="1.0" encoding="UTF-8"?>
<!-- Generated by org.testng.reporters.JUnitReportReporter -->
<testsuite hostname="Ashishs-MacBook-Air.local" failures="0" tests="1" name="Practice.TestNG.SampleTestForScreenShot" time="21.003" errors="0" timestamp="2025-02-20T16:15:27 IST" skipped="0">
  <testcase classname="Practice.TestNG.SampleTestForScreenShot" name="amazonTest" time="21.003"/>
  <system-out/>
</testsuite> <!-- Practice.TestNG.SampleTestForScreenShot -->
