<?xml version="1.0" encoding="UTF-8"?>
<!-- Generated by org.testng.reporters.JUnitReportReporter -->
<testsuite hostname="Ashishs-MacBook-Air.local" failures="0" tests="1" name="practiceSample.SampleReportTest" time="13.986" errors="0" timestamp="2025-02-25T17:11:08 IST" skipped="0">
  <testcase classname="practiceSample.SampleReportTest" name="CreateContactTest" time="13.986"/>
  <system-out/>
</testsuite> <!-- practiceSample.SampleReportTest -->
