<?xml version="1.0" encoding="UTF-8"?>
<!-- Generated by org.testng.reporters.JUnitReportReporter -->
<testsuite hostname="Ashishs-MacBook-Air.local" failures="0" tests="3" name="Practice.TestNG.CreateContact_DataProviderTest" time="0.015" errors="0" timestamp="2025-02-17T12:57:09 IST" skipped="0">
  <testcase classname="Practice.TestNG.CreateContact_DataProviderTest" name="createContactTest" time="0.010"/>
  <system-out/>
  <testcase classname="Practice.TestNG.CreateContact_DataProviderTest" name="createContactTest" time="0.002"/>
  <system-out/>
  <testcase classname="Practice.TestNG.CreateContact_DataProviderTest" name="createContactTest" time="0.003"/>
  <system-out/>
</testsuite> <!-- Practice.TestNG.CreateContact_DataProviderTest -->
