<?xml version="1.0" encoding="UTF-8"?>
<!-- Generated by org.testng.reporters.JUnitReportReporter -->
<testsuite hostname="Ashishs-MacBook-Air.local" failures="0" tests="1" name="Practice.TestNG.CreateContactWithConfigurationAnotationTest" time="0.021" errors="0" timestamp="2025-02-18T12:21:43 IST" skipped="0">
  <testcase classname="Practice.TestNG.CreateContactWithConfigurationAnotationTest" name="createContact" time="0.021"/>
  <system-out/>
</testsuite> <!-- Practice.TestNG.CreateContactWithConfigurationAnotationTest -->
